Aug 01 13:25:16 simplesamlphp DEBUG [9476786c09] Session: 'cloud' not valid because we are not authenticated.
Aug 01 13:25:16 simplesamlphp DEBUG [9476786c09] Session: 'cloud' not valid because we are not authenticated.
Aug 01 13:25:16 simplesamlphp DEBUG [9476786c09] Session: 'cloud' not valid because we are not authenticated.
Aug 01 13:25:16 simplesamlphp DEBUG [9476786c09] Session: 'cloud' not valid because we are not authenticated.
Aug 01 13:25:16 simplesamlphp DEBUG [89a67c7acf] Session: 'cloud' not valid because we are not authenticated.
Aug 01 13:25:16 simplesamlphp DEBUG [89a67c7acf] Session: 'cloud' not valid because we are not authenticated.
Aug 01 13:25:16 simplesamlphp DEBUG [89a67c7acf] Session: 'cloud' not valid because we are not authenticated.
Aug 01 13:25:16 simplesamlphp DEBUG [89a67c7acf] Session: 'cloud' not valid because we are not authenticated.
Aug 01 13:25:16 simplesamlphp DEBUG [748240fa9f] Session: 'cloud' not valid because we are not authenticated.
Aug 01 13:25:16 simplesamlphp DEBUG [748240fa9f] Session: 'cloud' not valid because we are not authenticated.
Aug 01 13:25:16 simplesamlphp DEBUG [748240fa9f] Session: 'cloud' not valid because we are not authenticated.
Aug 01 13:25:16 simplesamlphp DEBUG [8e64ad261e] Session: 'cloud' not valid because we are not authenticated.
Aug 01 13:25:16 simplesamlphp DEBUG [8e64ad261e] Session: 'cloud' not valid because we are not authenticated.
Aug 01 13:25:16 simplesamlphp DEBUG [8e64ad261e] Session: 'cloud' not valid because we are not authenticated.
Aug 01 13:25:16 simplesamlphp DEBUG [748240fa9f] Session: 'cloud' not valid because we are not authenticated.
Aug 01 13:25:16 simplesamlphp DEBUG [8e64ad261e] Session: 'cloud' not valid because we are not authenticated.
Aug 01 13:25:17 simplesamlphp DEBUG [3c9ccca824] Session: 'cloud' not valid because we are not authenticated.
Aug 01 13:25:17 simplesamlphp DEBUG [3c9ccca824] Session: 'cloud' not valid because we are not authenticated.
Aug 01 13:25:17 simplesamlphp DEBUG [3c9ccca824] Session: 'cloud' not valid because we are not authenticated.
Aug 01 13:25:17 simplesamlphp DEBUG [3c9ccca824] Session: 'cloud' not valid because we are not authenticated.
Aug 01 13:25:17 simplesamlphp DEBUG [1703da040b] Session: 'cloud' not valid because we are not authenticated.
Aug 01 13:25:17 simplesamlphp DEBUG [1703da040b] Session: 'cloud' not valid because we are not authenticated.
Aug 01 13:25:17 simplesamlphp DEBUG [1703da040b] Session: 'cloud' not valid because we are not authenticated.
Aug 01 13:25:17 simplesamlphp DEBUG [1703da040b] Session: 'cloud' not valid because we are not authenticated.
Aug 01 13:25:18 simplesamlphp DEBUG [602be9de5b] Session: 'cloud' not valid because we are not authenticated.
Aug 01 13:25:18 simplesamlphp DEBUG [602be9de5b] Session: 'cloud' not valid because we are not authenticated.
Aug 01 13:25:18 simplesamlphp DEBUG [602be9de5b] Session: 'cloud' not valid because we are not authenticated.
Aug 01 13:25:18 simplesamlphp DEBUG [602be9de5b] Session: 'cloud' not valid because we are not authenticated.
Aug 01 13:25:18 simplesamlphp DEBUG [3b8ffb6f13] Session: 'cloud' not valid because we are not authenticated.
Aug 01 13:25:18 simplesamlphp DEBUG [3b8ffb6f13] Session: 'cloud' not valid because we are not authenticated.
Aug 01 13:25:18 simplesamlphp DEBUG [3b8ffb6f13] Session: 'cloud' not valid because we are not authenticated.
Aug 01 13:25:18 simplesamlphp DEBUG [3b8ffb6f13] Session: 'cloud' not valid because we are not authenticated.
Aug 01 13:25:18 simplesamlphp DEBUG [12d6609a06] Session: 'cloud' not valid because we are not authenticated.
Aug 01 13:25:18 simplesamlphp DEBUG [12d6609a06] Session: 'cloud' not valid because we are not authenticated.
Aug 01 13:25:18 simplesamlphp DEBUG [12d6609a06] Session: 'cloud' not valid because we are not authenticated.
Aug 01 13:25:18 simplesamlphp DEBUG [12d6609a06] Session: 'cloud' not valid because we are not authenticated.
Aug 01 13:25:18 simplesamlphp DEBUG [ebe208da5f] Session: 'cloud' not valid because we are not authenticated.
Aug 01 13:25:18 simplesamlphp DEBUG [ebe208da5f] Session: 'cloud' not valid because we are not authenticated.
Aug 01 13:25:18 simplesamlphp DEBUG [ebe208da5f] Session: 'cloud' not valid because we are not authenticated.
Aug 01 13:25:18 simplesamlphp DEBUG [ebe208da5f] Session: 'cloud' not valid because we are not authenticated.
Aug 01 13:25:20 simplesamlphp DEBUG [f1f4779c22] Session: 'cloud' not valid because we are not authenticated.
Aug 01 13:25:20 simplesamlphp DEBUG [f1f4779c22] Session: 'cloud' not valid because we are not authenticated.
Aug 01 13:25:20 simplesamlphp DEBUG [f1f4779c22] Session: 'cloud' not valid because we are not authenticated.
Aug 01 13:25:20 simplesamlphp DEBUG [f1f4779c22] Session: 'cloud' not valid because we are not authenticated.
Aug 01 13:25:20 simplesamlphp DEBUG [66f7ea54d0] Session: 'cloud' not valid because we are not authenticated.
Aug 01 13:25:20 simplesamlphp DEBUG [66f7ea54d0] Session: 'cloud' not valid because we are not authenticated.
Aug 01 13:25:20 simplesamlphp DEBUG [66f7ea54d0] Session: 'cloud' not valid because we are not authenticated.
Aug 01 13:25:20 simplesamlphp DEBUG [66f7ea54d0] Session: 'cloud' not valid because we are not authenticated.
Aug 01 13:25:20 simplesamlphp DEBUG [97bb04ba99] Session: 'cloud' not valid because we are not authenticated.
Aug 01 13:25:20 simplesamlphp DEBUG [97bb04ba99] Session: 'cloud' not valid because we are not authenticated.
Aug 01 13:25:20 simplesamlphp DEBUG [97bb04ba99] Session: 'cloud' not valid because we are not authenticated.
Aug 01 13:25:20 simplesamlphp DEBUG [97bb04ba99] Session: 'cloud' not valid because we are not authenticated.
Aug 01 13:25:20 simplesamlphp DEBUG [438dcde135] Session: 'cloud' not valid because we are not authenticated.
Aug 01 13:25:20 simplesamlphp DEBUG [438dcde135] Session: 'cloud' not valid because we are not authenticated.
Aug 01 13:25:20 simplesamlphp DEBUG [438dcde135] Session: 'cloud' not valid because we are not authenticated.
Aug 01 13:25:20 simplesamlphp DEBUG [438dcde135] Session: 'cloud' not valid because we are not authenticated.
Aug 01 13:25:22 simplesamlphp DEBUG [91ab146849] Session: 'cloud' not valid because we are not authenticated.
Aug 01 13:25:22 simplesamlphp DEBUG [91ab146849] Session: 'cloud' not valid because we are not authenticated.
Aug 01 13:25:22 simplesamlphp DEBUG [91ab146849] Session: 'cloud' not valid because we are not authenticated.
Aug 01 13:25:22 simplesamlphp DEBUG [91ab146849] Session: 'cloud' not valid because we are not authenticated.
Aug 01 13:25:22 simplesamlphp DEBUG [fd0f327ec1] Session: 'cloud' not valid because we are not authenticated.
Aug 01 13:25:22 simplesamlphp DEBUG [fd0f327ec1] Session: 'cloud' not valid because we are not authenticated.
Aug 01 13:25:22 simplesamlphp DEBUG [bd7ade2f4d] Session: 'cloud' not valid because we are not authenticated.
Aug 01 13:25:22 simplesamlphp DEBUG [fd0f327ec1] Session: 'cloud' not valid because we are not authenticated.
Aug 01 13:25:22 simplesamlphp DEBUG [bd7ade2f4d] Session: 'cloud' not valid because we are not authenticated.
Aug 01 13:25:22 simplesamlphp DEBUG [fd0f327ec1] Session: 'cloud' not valid because we are not authenticated.
Aug 01 13:25:22 simplesamlphp DEBUG [bd7ade2f4d] Session: 'cloud' not valid because we are not authenticated.
Aug 01 13:25:22 simplesamlphp DEBUG [bd7ade2f4d] Session: 'cloud' not valid because we are not authenticated.
Aug 01 13:25:22 simplesamlphp DEBUG [a24b1b471b] Session: 'cloud' not valid because we are not authenticated.
Aug 01 13:25:22 simplesamlphp DEBUG [a24b1b471b] Session: 'cloud' not valid because we are not authenticated.
Aug 01 13:25:22 simplesamlphp DEBUG [a24b1b471b] Session: 'cloud' not valid because we are not authenticated.
Aug 01 13:25:22 simplesamlphp DEBUG [a24b1b471b] Session: 'cloud' not valid because we are not authenticated.
Aug 01 13:25:22 simplesamlphp DEBUG [f6fc7f4035] Session: 'cloud' not valid because we are not authenticated.
Aug 01 13:25:22 simplesamlphp DEBUG [f6fc7f4035] Session: 'cloud' not valid because we are not authenticated.
Aug 01 13:25:22 simplesamlphp DEBUG [f6fc7f4035] Session: 'cloud' not valid because we are not authenticated.
Aug 01 13:25:22 simplesamlphp DEBUG [f6fc7f4035] Session: 'cloud' not valid because we are not authenticated.
Aug 01 13:25:23 simplesamlphp DEBUG [e8bddd2847] Session: 'cloud' not valid because we are not authenticated.
Aug 01 13:25:23 simplesamlphp DEBUG [e8bddd2847] Session: 'cloud' not valid because we are not authenticated.
Aug 01 13:25:23 simplesamlphp DEBUG [e8bddd2847] Session: 'cloud' not valid because we are not authenticated.
Aug 01 13:25:23 simplesamlphp DEBUG [e8bddd2847] Session: 'cloud' not valid because we are not authenticated.
Aug 01 13:25:25 simplesamlphp DEBUG [5c3d8c3862] Session: 'cloud' not valid because we are not authenticated.
Aug 01 13:25:25 simplesamlphp DEBUG [5c3d8c3862] Session: 'cloud' not valid because we are not authenticated.
Aug 01 13:25:25 simplesamlphp DEBUG [5c3d8c3862] Session: 'cloud' not valid because we are not authenticated.
Aug 01 13:25:25 simplesamlphp DEBUG [5c3d8c3862] Session: 'cloud' not valid because we are not authenticated.
Aug 01 13:25:25 simplesamlphp DEBUG [afb9c0f8e5] Session: 'cloud' not valid because we are not authenticated.
Aug 01 13:25:25 simplesamlphp DEBUG [afb9c0f8e5] Session: 'cloud' not valid because we are not authenticated.
Aug 01 13:25:25 simplesamlphp DEBUG [afb9c0f8e5] Session: 'cloud' not valid because we are not authenticated.
Aug 01 13:25:25 simplesamlphp DEBUG [afb9c0f8e5] Session: 'cloud' not valid because we are not authenticated.
Aug 01 13:25:27 simplesamlphp DEBUG [9da41996ce] Session: 'cloud' not valid because we are not authenticated.
Aug 01 13:25:27 simplesamlphp DEBUG [9da41996ce] Session: 'cloud' not valid because we are not authenticated.
Aug 01 13:25:27 simplesamlphp DEBUG [9da41996ce] Session: 'cloud' not valid because we are not authenticated.
Aug 01 13:25:27 simplesamlphp DEBUG [9da41996ce] Session: 'cloud' not valid because we are not authenticated.
Aug 01 13:25:27 simplesamlphp DEBUG [776420d395] Session: 'cloud' not valid because we are not authenticated.
Aug 01 13:25:27 simplesamlphp DEBUG [776420d395] Session: 'cloud' not valid because we are not authenticated.
Aug 01 13:25:27 simplesamlphp DEBUG [776420d395] Session: 'cloud' not valid because we are not authenticated.
Aug 01 13:25:27 simplesamlphp DEBUG [776420d395] Session: 'cloud' not valid because we are not authenticated.
Aug 01 13:25:27 simplesamlphp DEBUG [a1ca283b5b] Session: 'cloud' not valid because we are not authenticated.
Aug 01 13:25:27 simplesamlphp DEBUG [a1ca283b5b] Session: 'cloud' not valid because we are not authenticated.
Aug 01 13:25:27 simplesamlphp DEBUG [a1ca283b5b] Session: 'cloud' not valid because we are not authenticated.
Aug 01 13:25:27 simplesamlphp DEBUG [a1ca283b5b] Session: 'cloud' not valid because we are not authenticated.
Aug 01 13:25:29 simplesamlphp DEBUG [ce3cec1a1a] Session: 'cloud' not valid because we are not authenticated.
Aug 01 13:25:29 simplesamlphp DEBUG [ce3cec1a1a] Session: 'cloud' not valid because we are not authenticated.
Aug 01 13:25:29 simplesamlphp DEBUG [ce3cec1a1a] Session: 'cloud' not valid because we are not authenticated.
Aug 01 13:25:29 simplesamlphp DEBUG [ce3cec1a1a] Session: 'cloud' not valid because we are not authenticated.
Aug 01 13:25:29 simplesamlphp DEBUG [5547e7f8cc] Session: 'cloud' not valid because we are not authenticated.
Aug 01 13:25:29 simplesamlphp DEBUG [5547e7f8cc] Session: 'cloud' not valid because we are not authenticated.
Aug 01 13:25:29 simplesamlphp DEBUG [5547e7f8cc] Session: 'cloud' not valid because we are not authenticated.
Aug 01 13:25:29 simplesamlphp DEBUG [5547e7f8cc] Session: 'cloud' not valid because we are not authenticated.
Aug 01 13:25:31 simplesamlphp DEBUG [1f0868848a] Session: 'cloud' not valid because we are not authenticated.
Aug 01 13:25:31 simplesamlphp DEBUG [1f0868848a] Session: 'cloud' not valid because we are not authenticated.
Aug 01 13:25:31 simplesamlphp DEBUG [1f0868848a] Session: 'cloud' not valid because we are not authenticated.
Aug 01 13:25:31 simplesamlphp DEBUG [1f0868848a] Session: 'cloud' not valid because we are not authenticated.
Aug 01 13:25:31 simplesamlphp DEBUG [20ae2bd879] Session: 'cloud' not valid because we are not authenticated.
Aug 01 13:25:31 simplesamlphp DEBUG [20ae2bd879] Session: 'cloud' not valid because we are not authenticated.
Aug 01 13:25:31 simplesamlphp DEBUG [20ae2bd879] Session: 'cloud' not valid because we are not authenticated.
Aug 01 13:25:31 simplesamlphp DEBUG [20ae2bd879] Session: 'cloud' not valid because we are not authenticated.
Aug 01 13:25:33 simplesamlphp DEBUG [69d4b01313] Session: 'cloud' not valid because we are not authenticated.
Aug 01 13:25:33 simplesamlphp DEBUG [69d4b01313] Session: 'cloud' not valid because we are not authenticated.
Aug 01 13:25:33 simplesamlphp DEBUG [69d4b01313] Session: 'cloud' not valid because we are not authenticated.
Aug 01 13:25:33 simplesamlphp DEBUG [69d4b01313] Session: 'cloud' not valid because we are not authenticated.
Aug 01 13:25:33 simplesamlphp DEBUG [e3727105c9] Session: 'cloud' not valid because we are not authenticated.
Aug 01 13:25:33 simplesamlphp DEBUG [e3727105c9] Session: 'cloud' not valid because we are not authenticated.
Aug 01 13:25:33 simplesamlphp DEBUG [e3727105c9] Session: 'cloud' not valid because we are not authenticated.
Aug 01 13:25:33 simplesamlphp DEBUG [e3727105c9] Session: 'cloud' not valid because we are not authenticated.
Aug 01 13:25:33 simplesamlphp DEBUG [d78d8f64cd] Session: 'cloud' not valid because we are not authenticated.
Aug 01 13:25:33 simplesamlphp DEBUG [d78d8f64cd] Session: 'cloud' not valid because we are not authenticated.
Aug 01 13:25:33 simplesamlphp DEBUG [d78d8f64cd] Session: 'cloud' not valid because we are not authenticated.
Aug 01 13:25:33 simplesamlphp DEBUG [d78d8f64cd] Session: 'cloud' not valid because we are not authenticated.
Aug 01 13:25:35 simplesamlphp DEBUG [9b3cea5504] Session: 'cloud' not valid because we are not authenticated.
Aug 01 13:25:35 simplesamlphp DEBUG [9b3cea5504] Session: 'cloud' not valid because we are not authenticated.
Aug 01 13:25:35 simplesamlphp DEBUG [9b3cea5504] Session: 'cloud' not valid because we are not authenticated.
Aug 01 13:25:35 simplesamlphp DEBUG [9b3cea5504] Session: 'cloud' not valid because we are not authenticated.
Aug 01 13:25:35 simplesamlphp DEBUG [ec79de8a2d] Session: 'cloud' not valid because we are not authenticated.
Aug 01 13:25:35 simplesamlphp DEBUG [ec79de8a2d] Session: 'cloud' not valid because we are not authenticated.
Aug 01 13:25:35 simplesamlphp DEBUG [ec79de8a2d] Session: 'cloud' not valid because we are not authenticated.
Aug 01 13:25:35 simplesamlphp DEBUG [ec79de8a2d] Session: 'cloud' not valid because we are not authenticated.
Aug 01 13:25:37 simplesamlphp DEBUG [bbc0dd3d4a] Session: 'cloud' not valid because we are not authenticated.
Aug 01 13:25:37 simplesamlphp DEBUG [bbc0dd3d4a] Session: 'cloud' not valid because we are not authenticated.
Aug 01 13:25:37 simplesamlphp DEBUG [bbc0dd3d4a] Session: 'cloud' not valid because we are not authenticated.
Aug 01 13:25:37 simplesamlphp DEBUG [bbc0dd3d4a] Session: 'cloud' not valid because we are not authenticated.
Aug 01 13:25:37 simplesamlphp DEBUG [e3c7bccdde] Session: 'cloud' not valid because we are not authenticated.
Aug 01 13:25:37 simplesamlphp DEBUG [e3c7bccdde] Session: 'cloud' not valid because we are not authenticated.
Aug 01 13:25:37 simplesamlphp DEBUG [e3c7bccdde] Session: 'cloud' not valid because we are not authenticated.
Aug 01 13:25:37 simplesamlphp DEBUG [e3c7bccdde] Session: 'cloud' not valid because we are not authenticated.
Aug 01 13:25:38 simplesamlphp DEBUG [de3e67d919] Session: 'cloud' not valid because we are not authenticated.
Aug 01 13:25:38 simplesamlphp DEBUG [de3e67d919] Session: 'cloud' not valid because we are not authenticated.
Aug 01 13:25:38 simplesamlphp DEBUG [de3e67d919] Session: 'cloud' not valid because we are not authenticated.
Aug 01 13:25:38 simplesamlphp DEBUG [de3e67d919] Session: 'cloud' not valid because we are not authenticated.
Aug 01 13:25:39 simplesamlphp DEBUG [3352a3a9a0] Session: 'cloud' not valid because we are not authenticated.
Aug 01 13:25:39 simplesamlphp DEBUG [3352a3a9a0] Session: 'cloud' not valid because we are not authenticated.
Aug 01 13:25:39 simplesamlphp DEBUG [3352a3a9a0] Session: 'cloud' not valid because we are not authenticated.
Aug 01 13:25:39 simplesamlphp DEBUG [3352a3a9a0] Session: 'cloud' not valid because we are not authenticated.
Aug 01 13:25:39 simplesamlphp DEBUG [326153cd00] Session: 'cloud' not valid because we are not authenticated.
Aug 01 13:25:39 simplesamlphp DEBUG [326153cd00] Session: 'cloud' not valid because we are not authenticated.
Aug 01 13:25:39 simplesamlphp DEBUG [326153cd00] Session: 'cloud' not valid because we are not authenticated.
Aug 01 13:25:39 simplesamlphp DEBUG [326153cd00] Session: 'cloud' not valid because we are not authenticated.
Aug 01 13:25:41 simplesamlphp DEBUG [e6921a83b7] Session: 'cloud' not valid because we are not authenticated.
Aug 01 13:25:41 simplesamlphp DEBUG [e6921a83b7] Session: 'cloud' not valid because we are not authenticated.
Aug 01 13:25:41 simplesamlphp DEBUG [e6921a83b7] Session: 'cloud' not valid because we are not authenticated.
Aug 01 13:25:41 simplesamlphp DEBUG [e6921a83b7] Session: 'cloud' not valid because we are not authenticated.
Aug 01 13:25:41 simplesamlphp DEBUG [0b7684c25b] Session: 'cloud' not valid because we are not authenticated.
Aug 01 13:25:41 simplesamlphp DEBUG [0b7684c25b] Session: 'cloud' not valid because we are not authenticated.
Aug 01 13:25:41 simplesamlphp DEBUG [0b7684c25b] Session: 'cloud' not valid because we are not authenticated.
Aug 01 13:25:41 simplesamlphp DEBUG [0b7684c25b] Session: 'cloud' not valid because we are not authenticated.
Aug 01 13:25:43 simplesamlphp DEBUG [cf452116ab] Session: 'cloud' not valid because we are not authenticated.
Aug 01 13:25:43 simplesamlphp DEBUG [cf452116ab] Session: 'cloud' not valid because we are not authenticated.
Aug 01 13:25:43 simplesamlphp DEBUG [cf452116ab] Session: 'cloud' not valid because we are not authenticated.
Aug 01 13:25:43 simplesamlphp DEBUG [cf452116ab] Session: 'cloud' not valid because we are not authenticated.
Aug 01 13:25:43 simplesamlphp DEBUG [d24b4feff5] Session: 'cloud' not valid because we are not authenticated.
Aug 01 13:25:43 simplesamlphp DEBUG [d24b4feff5] Session: 'cloud' not valid because we are not authenticated.
Aug 01 13:25:43 simplesamlphp DEBUG [d24b4feff5] Session: 'cloud' not valid because we are not authenticated.
Aug 01 13:25:43 simplesamlphp DEBUG [d24b4feff5] Session: 'cloud' not valid because we are not authenticated.
Aug 01 13:25:44 simplesamlphp DEBUG [2aacfefff3] Session: 'cloud' not valid because we are not authenticated.
Aug 01 13:25:44 simplesamlphp DEBUG [2aacfefff3] Session: 'cloud' not valid because we are not authenticated.
Aug 01 13:25:44 simplesamlphp DEBUG [2aacfefff3] Session: 'cloud' not valid because we are not authenticated.
Aug 01 13:25:44 simplesamlphp DEBUG [2aacfefff3] Session: 'cloud' not valid because we are not authenticated.
Aug 01 13:25:46 simplesamlphp DEBUG [f5a602085d] Session: 'cloud' not valid because we are not authenticated.
Aug 01 13:25:46 simplesamlphp DEBUG [f5a602085d] Session: 'cloud' not valid because we are not authenticated.
Aug 01 13:25:46 simplesamlphp DEBUG [f5a602085d] Session: 'cloud' not valid because we are not authenticated.
Aug 01 13:25:46 simplesamlphp DEBUG [f5a602085d] Session: 'cloud' not valid because we are not authenticated.
Aug 01 13:25:46 simplesamlphp DEBUG [7a2969cd8c] Session: 'cloud' not valid because we are not authenticated.
Aug 01 13:25:46 simplesamlphp DEBUG [7a2969cd8c] Session: 'cloud' not valid because we are not authenticated.
Aug 01 13:25:46 simplesamlphp DEBUG [7a2969cd8c] Session: 'cloud' not valid because we are not authenticated.
Aug 01 13:25:46 simplesamlphp DEBUG [7a2969cd8c] Session: 'cloud' not valid because we are not authenticated.
Aug 18 14:39:10 simplesamlphp ERROR [b2d06973d0] Unable to save session.
Aug 18 14:39:10 simplesamlphp ERROR [b2d06973d0] Predis\ClientException: No connections left in the pool for `CLUSTER SLOTS`
Aug 18 14:39:10 simplesamlphp ERROR [b2d06973d0] Backtrace:
Aug 18 14:39:10 simplesamlphp ERROR [b2d06973d0] 10 /simplesamlphp/vendor/predis/predis/src/Connection/Aggregate/RedisCluster.php:232 (Predis\Connection\Aggregate\RedisCluster::queryClusterNodeForSlotsMap)
Aug 18 14:39:10 simplesamlphp ERROR [b2d06973d0] 9 /simplesamlphp/vendor/predis/predis/src/Connection/Aggregate/RedisCluster.php:260 (Predis\Connection\Aggregate\RedisCluster::askSlotsMap)
Aug 18 14:39:10 simplesamlphp ERROR [b2d06973d0] 8 /simplesamlphp/vendor/predis/predis/src/Connection/Aggregate/RedisCluster.php:560 (Predis\Connection\Aggregate\RedisCluster::retryCommandOnFailure)
Aug 18 14:39:10 simplesamlphp ERROR [b2d06973d0] 7 /simplesamlphp/vendor/predis/predis/src/Connection/Aggregate/RedisCluster.php:593 (Predis\Connection\Aggregate\RedisCluster::executeCommand)
Aug 18 14:39:10 simplesamlphp ERROR [b2d06973d0] 6 /simplesamlphp/vendor/predis/predis/src/Client.php:331 (Predis\Client::executeCommand)
Aug 18 14:39:10 simplesamlphp ERROR [b2d06973d0] 5 /simplesamlphp/vendor/predis/predis/src/Client.php:314 (Predis\Client::__call)
Aug 18 14:39:10 simplesamlphp ERROR [b2d06973d0] 4 /simplesamlphp/modules/redis/lib/Store/Redis.php:69 (sspmod_redis_Store_Redis::set)
Aug 18 14:39:10 simplesamlphp ERROR [b2d06973d0] 3 /simplesamlphp/lib/SimpleSAML/SessionHandlerStore.php:76 (SimpleSAML_SessionHandlerStore::saveSession)
Aug 18 14:39:10 simplesamlphp ERROR [b2d06973d0] 2 /simplesamlphp/lib/SimpleSAML/Session.php:434 (SimpleSAML_Session::save)
Aug 18 14:39:10 simplesamlphp ERROR [b2d06973d0] 1 /simplesamlphp/lib/SimpleSAML/Session.php:495 (SimpleSAML_Session::__destruct)
Aug 18 14:39:10 simplesamlphp ERROR [b2d06973d0] 0 [builtin] (N/A)
Aug 30 13:54:27 simplesamlphp NOTICE STAT [a3a80d7612] saml20-idp-SLO idpinit https://cloud.test.litnet.lt/simplesamlphp-sp https://login.dev.litnet.lt/simplesaml/saml2/idp/metadata.php
Aug 30 13:54:27 simplesamlphp INFO [a3a80d7612] saml.LogoutStore: Logging out of session with trackId [a3a80d7612].
Nov 13 11:10:07 simplesamlphp ERROR [8e74a68137] Unable to save session.
Nov 13 11:10:07 simplesamlphp ERROR [8e74a68137] Predis\ClientException: No connections left in the pool for `CLUSTER SLOTS`
Nov 13 11:10:07 simplesamlphp ERROR [8e74a68137] Backtrace:
Nov 13 11:10:07 simplesamlphp ERROR [8e74a68137] 10 /simplesamlphp/vendor/predis/predis/src/Connection/Aggregate/RedisCluster.php:232 (Predis\Connection\Aggregate\RedisCluster::queryClusterNodeForSlotsMap)
Nov 13 11:10:07 simplesamlphp ERROR [8e74a68137] 9 /simplesamlphp/vendor/predis/predis/src/Connection/Aggregate/RedisCluster.php:260 (Predis\Connection\Aggregate\RedisCluster::askSlotsMap)
Nov 13 11:10:07 simplesamlphp ERROR [8e74a68137] 8 /simplesamlphp/vendor/predis/predis/src/Connection/Aggregate/RedisCluster.php:560 (Predis\Connection\Aggregate\RedisCluster::retryCommandOnFailure)
Nov 13 11:10:07 simplesamlphp ERROR [8e74a68137] 7 /simplesamlphp/vendor/predis/predis/src/Connection/Aggregate/RedisCluster.php:593 (Predis\Connection\Aggregate\RedisCluster::executeCommand)
Nov 13 11:10:07 simplesamlphp ERROR [8e74a68137] 6 /simplesamlphp/vendor/predis/predis/src/Client.php:331 (Predis\Client::executeCommand)
Nov 13 11:10:07 simplesamlphp ERROR [8e74a68137] 5 /simplesamlphp/vendor/predis/predis/src/Client.php:314 (Predis\Client::__call)
Nov 13 11:10:07 simplesamlphp ERROR [8e74a68137] 4 /simplesamlphp/modules/redis/lib/Store/Redis.php:69 (sspmod_redis_Store_Redis::set)
Nov 13 11:10:07 simplesamlphp ERROR [8e74a68137] 3 /simplesamlphp/lib/SimpleSAML/SessionHandlerStore.php:76 (SimpleSAML_SessionHandlerStore::saveSession)
Nov 13 11:10:07 simplesamlphp ERROR [8e74a68137] 2 /simplesamlphp/lib/SimpleSAML/Session.php:434 (SimpleSAML_Session::save)
Nov 13 11:10:07 simplesamlphp ERROR [8e74a68137] 1 /simplesamlphp/lib/SimpleSAML/Session.php:495 (SimpleSAML_Session::__destruct)
Nov 13 11:10:07 simplesamlphp ERROR [8e74a68137] 0 [builtin] (N/A)
Nov 13 11:10:54 simplesamlphp ERROR [TR9c4c2c86] Error loading session: No connections left in the pool for `CLUSTER SLOTS`
Nov 13 11:14:10 simplesamlphp INFO [d1c593ce9d] idpDisco.saml: Accessing discovery service.
Nov 13 11:14:10 simplesamlphp INFO [d1c593ce9d] idpDisco.saml: returnIdParam initially set to [idpentityid]
Nov 13 11:14:10 simplesamlphp INFO [d1c593ce9d] idpDisco.saml: isPassive initially set to [FALSE]
Nov 13 11:14:10 simplesamlphp INFO [d1c593ce9d] idpDisco.saml: getSelectedIdP() returned null
Nov 13 11:17:16 simplesamlphp NOTICE STAT [d1c593ce9d] Unsuccessful login attempt from 172.20.0.1.
Nov 13 11:17:24 simplesamlphp NOTICE STAT [d1c593ce9d] Unsuccessful login attempt from 172.20.0.1.
Nov 13 11:17:30 simplesamlphp NOTICE STAT [d1c593ce9d] Unsuccessful login attempt from 172.20.0.1.
Nov 13 11:17:49 simplesamlphp NOTICE STAT [d1c593ce9d] User 'admin' has been successfully authenticated.
